<?xml version="1.0" encoding="UTF-8"?>
<testng-results ignored="0" total="0" passed="0" failed="0" skipped="0">
  <reporter-output>
  </reporter-output>
  <suite started-at="2018-08-28T14:45:56Z" name="com.automation.training.AppTest" finished-at="2018-08-28T14:45:56Z" duration-ms="7">
    <groups>
    </groups>
    <test started-at="2018-08-28T14:45:56Z" name="Command line test" finished-at="2018-08-28T14:45:56Z" duration-ms="7">
    </test> <!-- Command line test -->
  </suite> <!-- com.automation.training.AppTest -->
</testng-results>
